c:\users\dengzhipeng\documents\visual studio 2013\projects\qt\chatonlineserver\chatonlineserver\debug\vc120.pdb
c:\users\dengzhipeng\documents\visual studio 2013\projects\qt\chatonlineserver\chatonlineserver\debug\qrc_chatonlineserver.obj
c:\users\dengzhipeng\documents\visual studio 2013\projects\qt\chatonlineserver\chatonlineserver\debug\main.obj
c:\users\dengzhipeng\documents\visual studio 2013\projects\qt\chatonlineserver\chatonlineserver\debug\chatonlineserver.obj
c:\users\dengzhipeng\documents\visual studio 2013\projects\qt\chatonlineserver\chatonlineserver\debug\serverworker.obj
c:\users\dengzhipeng\documents\visual studio 2013\projects\qt\chatonlineserver\chatonlineserver\debug\moc_serverworker.obj
c:\users\dengzhipeng\documents\visual studio 2013\projects\qt\chatonlineserver\chatonlineserver\debug\workerthread.obj
c:\users\dengzhipeng\documents\visual studio 2013\projects\qt\chatonlineserver\chatonlineserver\debug\moc_workerthread.obj
c:\users\dengzhipeng\documents\visual studio 2013\projects\qt\chatonlineserver\chatonlineserver\debug\moc_chatonlineserver.obj
c:\users\dengzhipeng\documents\visual studio 2013\projects\qt\chatonlineserver\chatonlineserver\generatedfiles\qrc_chatonlineserver.cpp
c:\users\dengzhipeng\documents\visual studio 2013\projects\qt\chatonlineserver\chatonlineserver\generatedfiles\debug\moc_serverworker.cpp
c:\users\dengzhipeng\documents\visual studio 2013\projects\qt\chatonlineserver\chatonlineserver\generatedfiles\debug\moc_chatonlineserver.cpp
c:\users\dengzhipeng\documents\visual studio 2013\projects\qt\chatonlineserver\chatonlineserver\generatedfiles\debug\moc_workerthread.cpp
c:\users\dengzhipeng\documents\visual studio 2013\projects\qt\chatonlineserver\chatonlineserver\generatedfiles\ui_chatonlineserver.h
c:\users\dengzhipeng\documents\visual studio 2013\projects\qt\chatonlineserver\win32\debug\chatonlineserver.ilk
c:\users\dengzhipeng\documents\visual studio 2013\projects\qt\chatonlineserver\win32\debug\chatonlineserver.exe
c:\users\dengzhipeng\documents\visual studio 2013\projects\qt\chatonlineserver\win32\debug\chatonlineserver.pdb
c:\users\dengzhipeng\documents\visual studio 2013\projects\qt\chatonlineserver\chatonlineserver\debug\chatonlineserver.tlog\cl.command.1.tlog
c:\users\dengzhipeng\documents\visual studio 2013\projects\qt\chatonlineserver\chatonlineserver\debug\chatonlineserver.tlog\cl.read.1.tlog
c:\users\dengzhipeng\documents\visual studio 2013\projects\qt\chatonlineserver\chatonlineserver\debug\chatonlineserver.tlog\cl.write.1.tlog
c:\users\dengzhipeng\documents\visual studio 2013\projects\qt\chatonlineserver\chatonlineserver\debug\chatonlineserver.tlog\custombuild.command.1.tlog
c:\users\dengzhipeng\documents\visual studio 2013\projects\qt\chatonlineserver\chatonlineserver\debug\chatonlineserver.tlog\custombuild.read.1.tlog
c:\users\dengzhipeng\documents\visual studio 2013\projects\qt\chatonlineserver\chatonlineserver\debug\chatonlineserver.tlog\custombuild.write.1.tlog
c:\users\dengzhipeng\documents\visual studio 2013\projects\qt\chatonlineserver\chatonlineserver\debug\chatonlineserver.tlog\link.command.1.tlog
c:\users\dengzhipeng\documents\visual studio 2013\projects\qt\chatonlineserver\chatonlineserver\debug\chatonlineserver.tlog\link.read.1.tlog
c:\users\dengzhipeng\documents\visual studio 2013\projects\qt\chatonlineserver\chatonlineserver\debug\chatonlineserver.tlog\link.write.1.tlog
