c:\users\dengzhipeng\documents\visual studio 2013\projects\qt\chatonline\chatonline\debug\vc120.pdb
c:\users\dengzhipeng\documents\visual studio 2013\projects\qt\chatonline\chatonline\debug\main.obj
c:\users\dengzhipeng\documents\visual studio 2013\projects\qt\chatonline\chatonline\debug\login.obj
c:\users\dengzhipeng\documents\visual studio 2013\projects\qt\chatonline\chatonline\debug\moc_login.obj
c:\users\dengzhipeng\documents\visual studio 2013\projects\qt\chatonline\chatonline\debug\moc_chatonline.obj
c:\users\dengzhipeng\documents\visual studio 2013\projects\qt\chatonline\chatonline\debug\chatonline.obj
c:\users\dengzhipeng\documents\visual studio 2013\projects\qt\chatonline\chatonline\debug\qrc_chatonline.obj
c:\users\dengzhipeng\documents\visual studio 2013\projects\qt\chatonline\chatonline\debug\loginthread.obj
c:\users\dengzhipeng\documents\visual studio 2013\projects\qt\chatonline\chatonline\debug\moc_loginthread.obj
c:\users\dengzhipeng\documents\visual studio 2013\projects\qt\chatonline\chatonline\generatedfiles\debug\moc_chatonline.cpp
c:\users\dengzhipeng\documents\visual studio 2013\projects\qt\chatonline\chatonline\generatedfiles\ui_chatonline.h
c:\users\dengzhipeng\documents\visual studio 2013\projects\qt\chatonline\chatonline\generatedfiles\qrc_chatonline.cpp
c:\users\dengzhipeng\documents\visual studio 2013\projects\qt\chatonline\chatonline\generatedfiles\debug\moc_login.cpp
c:\users\dengzhipeng\documents\visual studio 2013\projects\qt\chatonline\chatonline\generatedfiles\ui_login.h
c:\users\dengzhipeng\documents\visual studio 2013\projects\qt\chatonline\chatonline\generatedfiles\debug\moc_loginthread.cpp
c:\users\dengzhipeng\documents\visual studio 2013\projects\qt\chatonline\win32\debug\chatonline.ilk
c:\users\dengzhipeng\documents\visual studio 2013\projects\qt\chatonline\win32\debug\chatonline.exe
c:\users\dengzhipeng\documents\visual studio 2013\projects\qt\chatonline\win32\debug\chatonline.pdb
c:\users\dengzhipeng\documents\visual studio 2013\projects\qt\chatonline\chatonline\debug\chatonline.tlog\cl.command.1.tlog
c:\users\dengzhipeng\documents\visual studio 2013\projects\qt\chatonline\chatonline\debug\chatonline.tlog\cl.read.1.tlog
c:\users\dengzhipeng\documents\visual studio 2013\projects\qt\chatonline\chatonline\debug\chatonline.tlog\cl.write.1.tlog
c:\users\dengzhipeng\documents\visual studio 2013\projects\qt\chatonline\chatonline\debug\chatonline.tlog\custombuild.command.1.tlog
c:\users\dengzhipeng\documents\visual studio 2013\projects\qt\chatonline\chatonline\debug\chatonline.tlog\custombuild.read.1.tlog
c:\users\dengzhipeng\documents\visual studio 2013\projects\qt\chatonline\chatonline\debug\chatonline.tlog\custombuild.write.1.tlog
c:\users\dengzhipeng\documents\visual studio 2013\projects\qt\chatonline\chatonline\debug\chatonline.tlog\link.command.1.tlog
c:\users\dengzhipeng\documents\visual studio 2013\projects\qt\chatonline\chatonline\debug\chatonline.tlog\link.read.1.tlog
c:\users\dengzhipeng\documents\visual studio 2013\projects\qt\chatonline\chatonline\debug\chatonline.tlog\link.write.1.tlog
